This is pdfTeX, Version 3.141592653-2.6-1.40.26 (TeX Live 2024/Homebrew) (preloaded format=pdflatex 2024.10.6)  25 NOV 2024 13:20
entering extended mode
 restricted \write18 enabled.
 file:line:error style messages enabled.
 %&-line parsing enabled.
**/Users/nathantse/paper/thesis/Thesis.tex
(/Users/nathantse/paper/thesis/Thesis.tex
LaTeX2e <2023-11-01> patch level 1
L3 programming layer <2024-02-20>
(/opt/homebrew/Cellar/texlive/20240312_2/share/texmf-dist/tex/latex/base/article.cls
Document Class: article 2023/05/17 v1.4n Standard LaTeX document class
(/opt/homebrew/Cellar/texlive/20240312_2/share/texmf-dist/tex/latex/base/size12.clo
File: size12.clo 2023/05/17 v1.4n Standard LaTeX file (size option)
)
\c@part=\count188
\c@section=\count189
\c@subsection=\count190
\c@subsubsection=\count191
\c@paragraph=\count192
\c@subparagraph=\count193
\c@figure=\count194
\c@table=\count195
\abovecaptionskip=\skip48
\belowcaptionskip=\skip49
\bibindent=\dimen140
) (/opt/homebrew/Cellar/texlive/20240312_2/share/texmf-dist/tex/latex/amsmath/amsmath.sty
Package: amsmath 2023/05/13 v2.17o AMS math features
\@mathmargin=\skip50

For additional information on amsmath, use the `?' option.
(/opt/homebrew/Cellar/texlive/20240312_2/share/texmf-dist/tex/latex/amsmath/amstext.sty
Package: amstext 2021/08/26 v2.01 AMS text
 (/opt/homebrew/Cellar/texlive/20240312_2/share/texmf-dist/tex/latex/amsmath/amsgen.sty
File: amsgen.sty 1999/11/30 v2.0 generic functions
\@emptytoks=\toks17
\ex@=\dimen141
)) (/opt/homebrew/Cellar/texlive/20240312_2/share/texmf-dist/tex/latex/amsmath/amsbsy.sty
Package: amsbsy 1999/11/29 v1.2d Bold Symbols
\pmbraise@=\dimen142
) (/opt/homebrew/Cellar/texlive/20240312_2/share/texmf-dist/tex/latex/amsmath/amsopn.sty
Package: amsopn 2022/04/08 v2.04 operator names
)
\inf@bad=\count196
LaTeX Info: Redefining \frac on input line 234.
\uproot@=\count197
\leftroot@=\count198
LaTeX Info: Redefining \overline on input line 399.
LaTeX Info: Redefining \colon on input line 410.
\classnum@=\count199
\DOTSCASE@=\count266
LaTeX Info: Redefining \ldots on input line 496.
LaTeX Info: Redefining \dots on input line 499.
LaTeX Info: Redefining \cdots on input line 620.
\Mathstrutbox@=\box51
\strutbox@=\box52
LaTeX Info: Redefining \big on input line 722.
LaTeX Info: Redefining \Big on input line 723.
LaTeX Info: Redefining \bigg on input line 724.
LaTeX Info: Redefining \Bigg on input line 725.
\big@size=\dimen143
LaTeX Font Info:    Redeclaring font encoding OML on input line 743.
LaTeX Font Info:    Redeclaring font encoding OMS on input line 744.
\macc@depth=\count267
LaTeX Info: Redefining \bmod on input line 905.
LaTeX Info: Redefining \pmod on input line 910.
LaTeX Info: Redefining \smash on input line 940.
LaTeX Info: Redefining \relbar on input line 970.
LaTeX Info: Redefining \Relbar on input line 971.
\c@MaxMatrixCols=\count268
\dotsspace@=\muskip16
\c@parentequation=\count269
\dspbrk@lvl=\count270
\tag@help=\toks18
\row@=\count271
\column@=\count272
\maxfields@=\count273
\andhelp@=\toks19
\eqnshift@=\dimen144
\alignsep@=\dimen145
\tagshift@=\dimen146
\tagwidth@=\dimen147
\totwidth@=\dimen148
\lineht@=\dimen149
\@envbody=\toks20
\multlinegap=\skip51
\multlinetaggap=\skip52
\mathdisplay@stack=\toks21
LaTeX Info: Redefining \[ on input line 2953.
LaTeX Info: Redefining \] on input line 2954.
) (/opt/homebrew/Cellar/texlive/20240312_2/share/texmf-dist/tex/latex/amsfonts/amssymb.sty
Package: amssymb 2013/01/14 v3.01 AMS font symbols
 (/opt/homebrew/Cellar/texlive/20240312_2/share/texmf-dist/tex/latex/amsfonts/amsfonts.sty
Package: amsfonts 2013/01/14 v3.01 Basic AMSFonts support
\symAMSa=\mathgroup4
\symAMSb=\mathgroup5
LaTeX Font Info:    Redeclaring math symbol \hbar on input line 98.
LaTeX Font Info:    Overwriting math alphabet `\mathfrak' in version `bold'
(Font)                  U/euf/m/n --> U/euf/b/n on input line 106.
)) (/opt/homebrew/Cellar/texlive/20240312_2/share/texmf-dist/tex/latex/natbib/bibentry.sty
Package: bibentry 2007/10/30 1.5 (PWD)
) (/opt/homebrew/Cellar/texlive/20240312_2/share/texmf-dist/tex/latex/graphics/color.sty
Package: color 2022/01/06 v1.3d Standard LaTeX Color (DPC)
 (/opt/homebrew/Cellar/texlive/20240312_2/share/texmf-dist/tex/latex/graphics-cfg/color.cfg
File: color.cfg 2016/01/02 v1.6 sample color configuration
)
Package color Info: Driver file: pdftex.def on input line 149.
 (/opt/homebrew/Cellar/texlive/20240312_2/share/texmf-dist/tex/latex/graphics-def/pdftex.def
File: pdftex.def 2022/09/22 v1.2b Graphics/color driver for pdftex
) (/opt/homebrew/Cellar/texlive/20240312_2/share/texmf-dist/tex/latex/graphics/mathcolor.ltx)) (/opt/homebrew/Cellar/texlive/20240312_2/share/texmf-dist/tex/latex/geometry/geometry.sty
Package: geometry 2020/01/02 v5.9 Page Geometry
 (/opt/homebrew/Cellar/texlive/20240312_2/share/texmf-dist/tex/latex/graphics/keyval.sty
Package: keyval 2022/05/29 v1.15 key=value parser (DPC)
\KV@toks@=\toks22
) (/opt/homebrew/Cellar/texlive/20240312_2/share/texmf-dist/tex/generic/iftex/ifvtex.sty
Package: ifvtex 2019/10/25 v1.7 ifvtex legacy package. Use iftex instead.
 (/opt/homebrew/Cellar/texlive/20240312_2/share/texmf-dist/tex/generic/iftex/iftex.sty
Package: iftex 2022/02/03 v1.0f TeX engine tests
))
\Gm@cnth=\count274
\Gm@cntv=\count275
\c@Gm@tempcnt=\count276
\Gm@bindingoffset=\dimen150
\Gm@wd@mp=\dimen151
\Gm@odd@mp=\dimen152
\Gm@even@mp=\dimen153
\Gm@layoutwidth=\dimen154
\Gm@layoutheight=\dimen155
\Gm@layouthoffset=\dimen156
\Gm@layoutvoffset=\dimen157
\Gm@dimlist=\toks23
) (/opt/homebrew/Cellar/texlive/20240312_2/share/texmf-dist/tex/latex/graphics/graphicx.sty
Package: graphicx 2021/09/16 v1.2d Enhanced LaTeX Graphics (DPC,SPQR)
 (/opt/homebrew/Cellar/texlive/20240312_2/share/texmf-dist/tex/latex/graphics/graphics.sty
Package: graphics 2022/03/10 v1.4e Standard LaTeX Graphics (DPC,SPQR)
 (/opt/homebrew/Cellar/texlive/20240312_2/share/texmf-dist/tex/latex/graphics/trig.sty
Package: trig 2021/08/11 v1.11 sin cos tan (DPC)
) (/opt/homebrew/Cellar/texlive/20240312_2/share/texmf-dist/tex/latex/graphics-cfg/graphics.cfg
File: graphics.cfg 2016/06/04 v1.11 sample graphics configuration
)
Package graphics Info: Driver file: pdftex.def on input line 107.
)
\Gin@req@height=\dimen158
\Gin@req@width=\dimen159
) (/opt/homebrew/Cellar/texlive/20240312_2/share/texmf-dist/tex/latex/hyphenat/hyphenat.sty
Package: hyphenat 2009/09/02 v2.3c hyphenation utilities
\langwohyphens=\language89
LaTeX Info: Redefining \_ on input line 43.
) (/opt/homebrew/Cellar/texlive/20240312_2/share/texmf-dist/tex/latex/tools/indentfirst.sty
Package: indentfirst 2023/07/02 v1.03 Indent first paragraph (DPC)
) (/opt/homebrew/Cellar/texlive/20240312_2/share/texmf-dist/tex/latex/listings/listings.sty
\lst@mode=\count277
\lst@gtempboxa=\box53
\lst@token=\toks24
\lst@length=\count278
\lst@currlwidth=\dimen160
\lst@column=\count279
\lst@pos=\count280
\lst@lostspace=\dimen161
\lst@width=\dimen162
\lst@newlines=\count281
\lst@lineno=\count282
\lst@maxwidth=\dimen163
 (/opt/homebrew/Cellar/texlive/20240312_2/share/texmf-dist/tex/latex/listings/lstpatch.sty
File: lstpatch.sty 2024/02/21 1.10 (Carsten Heinz)
) (/opt/homebrew/Cellar/texlive/20240312_2/share/texmf-dist/tex/latex/listings/lstmisc.sty
File: lstmisc.sty 2024/02/21 1.10 (Carsten Heinz)
\c@lstnumber=\count283
\lst@skipnumbers=\count284
\lst@framebox=\box54
) (/opt/homebrew/Cellar/texlive/20240312_2/share/texmf-dist/tex/latex/listings/listings.cfg
File: listings.cfg 2024/02/21 1.10 listings configuration
))
Package: listings 2024/02/21 1.10 (Carsten Heinz)
 (/opt/homebrew/Cellar/texlive/20240312_2/share/texmf-dist/tex/latex/titlesec/titlesec.sty
Package: titlesec 2023/10/27 v2.16 Sectioning titles
\ttl@box=\box55
\beforetitleunit=\skip53
\aftertitleunit=\skip54
\ttl@plus=\dimen164
\ttl@minus=\dimen165
\ttl@toksa=\toks25
\titlewidth=\dimen166
\titlewidthlast=\dimen167
\titlewidthfirst=\dimen168
) (/opt/homebrew/Cellar/texlive/20240312_2/share/texmf-dist/tex/latex/url/url.sty
\Urlmuskip=\muskip17
Package: url 2013/09/16  ver 3.4  Verb mode for urls, etc.
) (/opt/homebrew/Cellar/texlive/20240312_2/share/texmf-dist/tex/latex/physics/physics.sty
Package: physics 
 (/opt/homebrew/Cellar/texlive/20240312_2/share/texmf-dist/tex/latex/l3packages/xparse/xparse.sty (/opt/homebrew/Cellar/texlive/20240312_2/share/texmf-dist/tex/latex/l3kernel/expl3.sty
Package: expl3 2024-02-20 L3 programming layer (loader) 
 (/opt/homebrew/Cellar/texlive/20240312_2/share/texmf-dist/tex/latex/l3backend/l3backend-pdftex.def
File: l3backend-pdftex.def 2024-02-20 L3 backend support: PDF output (pdfTeX)
\l__color_backend_stack_int=\count285
\l__pdf_internal_box=\box56
))
Package: xparse 2024-02-18 L3 Experimental document command parser
)) (/opt/homebrew/Cellar/texlive/20240312_2/share/texmf-dist/tex/generic/ulem/ulem.sty
\UL@box=\box57
\UL@hyphenbox=\box58
\UL@skip=\skip55
\UL@hook=\toks26
\UL@height=\dimen169
\UL@pe=\count286
\UL@pixel=\dimen170
\ULC@box=\box59
Package: ulem 2019/11/18
\ULdepth=\dimen171
) (/opt/homebrew/Cellar/texlive/20240312_2/share/texmf-dist/tex/latex/biblatex/biblatex.sty
Package: biblatex 2024/03/21 v3.20 programmable bibliographies (PK/MW)
 (/opt/homebrew/Cellar/texlive/20240312_2/share/texmf-dist/tex/generic/pdftexcmds/pdftexcmds.sty
Package: pdftexcmds 2020-06-27 v0.33 Utility functions of pdfTeX for LuaTeX (HO)
 (/opt/homebrew/Cellar/texlive/20240312_2/share/texmf-dist/tex/generic/infwarerr/infwarerr.sty
Package: infwarerr 2019/12/03 v1.5 Providing info/warning/error messages (HO)
) (/opt/homebrew/Cellar/texlive/20240312_2/share/texmf-dist/tex/generic/ltxcmds/ltxcmds.sty
Package: ltxcmds 2023-12-04 v1.26 LaTeX kernel commands for general use (HO)
)
Package pdftexcmds Info: \pdf@primitive is available.
Package pdftexcmds Info: \pdf@ifprimitive is available.
Package pdftexcmds Info: \pdfdraftmode found.
) (/opt/homebrew/Cellar/texlive/20240312_2/share/texmf-dist/tex/latex/etoolbox/etoolbox.sty
Package: etoolbox 2020/10/05 v2.5k e-TeX tools for LaTeX (JAW)
\etb@tempcnta=\count287
) (/opt/homebrew/Cellar/texlive/20240312_2/share/texmf-dist/tex/latex/kvoptions/kvoptions.sty
Package: kvoptions 2022-06-15 v3.15 Key value format for package options (HO)
 (/opt/homebrew/Cellar/texlive/20240312_2/share/texmf-dist/tex/latex/kvsetkeys/kvsetkeys.sty
Package: kvsetkeys 2022-10-05 v1.19 Key value parser (HO)
)) (/opt/homebrew/Cellar/texlive/20240312_2/share/texmf-dist/tex/latex/logreq/logreq.sty
Package: logreq 2010/08/04 v1.0 xml request logger
\lrq@indent=\count288
 (/opt/homebrew/Cellar/texlive/20240312_2/share/texmf-dist/tex/latex/logreq/logreq.def
File: logreq.def 2010/08/04 v1.0 logreq spec v1.0
)) (/opt/homebrew/Cellar/texlive/20240312_2/share/texmf-dist/tex/latex/base/ifthen.sty
Package: ifthen 2022/04/13 v1.1d Standard LaTeX ifthen package (DPC)
)
\c@tabx@nest=\count289
\c@listtotal=\count290
\c@listcount=\count291
\c@liststart=\count292
\c@liststop=\count293
\c@citecount=\count294
\c@citetotal=\count295
\c@multicitecount=\count296
\c@multicitetotal=\count297
\c@instcount=\count298
\c@maxnames=\count299
\c@minnames=\count300
\c@maxitems=\count301
\c@minitems=\count302
\c@citecounter=\count303
\c@maxcitecounter=\count304
\c@savedcitecounter=\count305
\c@uniquelist=\count306
\c@uniquename=\count307
\c@refsection=\count308
\c@refsegment=\count309
\c@maxextratitle=\count310
\c@maxextratitleyear=\count311
\c@maxextraname=\count312
\c@maxextradate=\count313
\c@maxextraalpha=\count314
\c@abbrvpenalty=\count315
\c@highnamepenalty=\count316
\c@lownamepenalty=\count317
\c@maxparens=\count318
\c@parenlevel=\count319
\blx@tempcnta=\count320
\blx@tempcntb=\count321
\blx@tempcntc=\count322
\c@blx@maxsection=\count323
\blx@maxsegment@0=\count324
\blx@notetype=\count325
\blx@parenlevel@text=\count326
\blx@parenlevel@foot=\count327
\blx@sectionciteorder@0=\count328
\blx@sectionciteorderinternal@0=\count329
\blx@entrysetcounter=\count330
\blx@biblioinstance=\count331
\labelnumberwidth=\skip56
\labelalphawidth=\skip57
\biblabelsep=\skip58
\bibitemsep=\skip59
\bibnamesep=\skip60
\bibinitsep=\skip61
\bibparsep=\skip62
\bibhang=\skip63
\blx@bcfin=\read2
\blx@bcfout=\write3
\blx@langwohyphens=\language90
\c@mincomprange=\count332
\c@maxcomprange=\count333
\c@mincompwidth=\count334
Package biblatex Info: Trying to load biblatex default data model...
Package biblatex Info: ... file 'blx-dm.def' found.
 (/opt/homebrew/Cellar/texlive/20240312_2/share/texmf-dist/tex/latex/biblatex/blx-dm.def
File: blx-dm.def 2024/03/21 v3.20 biblatex datamodel (PK/MW)
)
Package biblatex Info: Trying to load biblatex style data model...
Package biblatex Info: ... file 'apa.dbx' found.
 (/opt/homebrew/Cellar/texlive/20240312_2/share/texmf-dist/tex/latex/biblatex-apa/apa.dbx
File: apa.dbx 2023/03/20 v9.17 APA biblatex style data model
)
Package biblatex Info: Trying to load biblatex custom data model...
Package biblatex Info: ... file 'biblatex-dm.cfg' not found.
\c@afterword=\count335
\c@savedafterword=\count336
\c@annotator=\count337
\c@savedannotator=\count338
\c@author=\count339
\c@savedauthor=\count340
\c@bookauthor=\count341
\c@savedbookauthor=\count342
\c@commentator=\count343
\c@savedcommentator=\count344
\c@editor=\count345
\c@savededitor=\count346
\c@editora=\count347
\c@savededitora=\count348
\c@editorb=\count349
\c@savededitorb=\count350
\c@editorc=\count351
\c@savededitorc=\count352
\c@foreword=\count353
\c@savedforeword=\count354
\c@holder=\count355
\c@savedholder=\count356
\c@introduction=\count357
\c@savedintroduction=\count358
\c@namea=\count359
\c@savednamea=\count360
\c@nameb=\count361
\c@savednameb=\count362
\c@namec=\count363
\c@savednamec=\count364
\c@translator=\count365
\c@savedtranslator=\count366
\c@shortauthor=\count367
\c@savedshortauthor=\count368
\c@shorteditor=\count369
\c@savedshorteditor=\count370
\c@narrator=\count371
\c@savednarrator=\count372
\c@execproducer=\count373
\c@savedexecproducer=\count374
\c@execdirector=\count375
\c@savedexecdirector=\count376
\c@with=\count377
\c@savedwith=\count378
\c@labelname=\count379
\c@savedlabelname=\count380
\c@institution=\count381
\c@savedinstitution=\count382
\c@lista=\count383
\c@savedlista=\count384
\c@listb=\count385
\c@savedlistb=\count386
\c@listc=\count387
\c@savedlistc=\count388
\c@listd=\count389
\c@savedlistd=\count390
\c@liste=\count391
\c@savedliste=\count392
\c@listf=\count393
\c@savedlistf=\count394
\c@location=\count395
\c@savedlocation=\count396
\c@organization=\count397
\c@savedorganization=\count398
\c@origlocation=\count399
\c@savedoriglocation=\count400
\c@origpublisher=\count401
\c@savedorigpublisher=\count402
\c@publisher=\count403
\c@savedpublisher=\count404
\c@language=\count405
\c@savedlanguage=\count406
\c@origlanguage=\count407
\c@savedoriglanguage=\count408
\c@citation=\count409
\c@savedcitation=\count410
\c@pageref=\count411
\c@savedpageref=\count412
\shorthandwidth=\skip64
\shortjournalwidth=\skip65
\shortserieswidth=\skip66
\shorttitlewidth=\skip67
\shortauthorwidth=\skip68
\shorteditorwidth=\skip69
\locallabelnumberwidth=\skip70
\locallabelalphawidth=\skip71
\localshorthandwidth=\skip72
\localshortjournalwidth=\skip73
\localshortserieswidth=\skip74
\localshorttitlewidth=\skip75
\localshortauthorwidth=\skip76
\localshorteditorwidth=\skip77
Package biblatex Info: Trying to load compatibility code...
Package biblatex Info: ... file 'blx-compat.def' found.
 (/opt/homebrew/Cellar/texlive/20240312_2/share/texmf-dist/tex/latex/biblatex/blx-compat.def
File: blx-compat.def 2024/03/21 v3.20 biblatex compatibility (PK/MW)
)
Package biblatex Info: Trying to load generic definitions...
Package biblatex Info: ... file 'biblatex.def' found.
 (/opt/homebrew/Cellar/texlive/20240312_2/share/texmf-dist/tex/latex/biblatex/biblatex.def
File: biblatex.def 2024/03/21 v3.20 biblatex compatibility (PK/MW)
\c@textcitecount=\count413
\c@textcitetotal=\count414
\c@textcitemaxnames=\count415
\c@biburlbigbreakpenalty=\count416
\c@biburlbreakpenalty=\count417
\c@biburlnumpenalty=\count418
\c@biburlucpenalty=\count419
\c@biburllcpenalty=\count420
\biburlbigskip=\muskip18
\biburlnumskip=\muskip19
\biburlucskip=\muskip20
\biburllcskip=\muskip21
\c@smartand=\count421
)
Package biblatex Info: Trying to load bibliography style 'apa'...
Package biblatex Info: ... file 'apa.bbx' found.
 (/opt/homebrew/Cellar/texlive/20240312_2/share/texmf-dist/tex/latex/biblatex-apa/apa.bbx
File: apa.bbx 2023/03/20 v9.17 APA biblatex references style
Package biblatex Info: Trying to load bibliography style 'standard'...
Package biblatex Info: ... file 'standard.bbx' found.
 (/opt/homebrew/Cellar/texlive/20240312_2/share/texmf-dist/tex/latex/biblatex/bbx/standard.bbx
File: standard.bbx 2024/03/21 v3.20 biblatex bibliography style (PK/MW)
\c@bbx:relatedcount=\count422
\c@bbx:relatedtotal=\count423
)
Package biblatex Info: Delimiter 'nameyeardelim' in context 'bib' already defined, overwriting.
Package biblatex Info: Delimiter 'nameyeardelim' in context 'biblist' already defined, overwriting.
Package biblatex Info: Delimiter 'nonameyeardelim' in context 'bib' already defined, overwriting.
Package biblatex Info: Delimiter 'nonameyeardelim' in context 'biblist' already defined, overwriting.
)
Package biblatex Info: Trying to load citation style 'apa'...
Package biblatex Info: ... file 'apa.cbx' found.
 (/opt/homebrew/Cellar/texlive/20240312_2/share/texmf-dist/tex/latex/biblatex-apa/apa.cbx
File: apa.cbx 2023/03/20 v9.17 APA biblatex citation style
Package biblatex Info: Delimiter 'nameyeardelim' in context '' already defined, overwriting.
Package biblatex Info: Delimiter 'andothersdelim' in context '' already defined, overwriting.
Package biblatex Info: Redefining '\fullcite'.
Package biblatex Info: Redefining '\citeauthor'.
Package biblatex Info: Redefining '\citeyear'.
Package biblatex Info: Redefining '\cite'.
Package biblatex Info: Redefining '\cites'.
Package biblatex Info: Redefining '\parencite'.
Package biblatex Info: Redefining '\parencites'.
Package biblatex Info: Redefining '\footcite'.
Package biblatex Info: Redefining '\footcites'.
Package biblatex Info: Redefining '\footcitetext'.
Package biblatex Info: Redefining '\footcitetexts'.
Package biblatex Info: Redefining '\smartcite'.
Package biblatex Info: Redefining '\smartcites'.
Package biblatex Info: Redefining '\textcite'.
Package biblatex Info: Redefining '\textcites'.
)
Package biblatex Info: Trying to load configuration file...
Package biblatex Info: ... file 'biblatex.cfg' found.
 (/opt/homebrew/Cellar/texlive/20240312_2/share/texmf-dist/tex/latex/biblatex/biblatex.cfg
File: biblatex.cfg 
)
Package biblatex Info: Input encoding 'utf8' detected.
Package biblatex Info: Document encoding is UTF8 ....
Package biblatex Info: ... and expl3
(biblatex)             2024-02-20 L3 programming layer (loader) 
(biblatex)             is new enough (at least 2020/04/06),
(biblatex)             setting 'casechanger=expl3'.
 (/opt/homebrew/Cellar/texlive/20240312_2/share/texmf-dist/tex/latex/biblatex/blx-case-expl3.sty
Package: blx-case-expl3 2024/03/21 v3.20 expl3 case changing code for biblatex
)) (/opt/homebrew/Cellar/texlive/20240312_2/share/texmf-dist/tex/latex/hyperref/hyperref.sty
Package: hyperref 2024-01-20 v7.01h Hypertext links for LaTeX
 (/opt/homebrew/Cellar/texlive/20240312_2/share/texmf-dist/tex/generic/kvdefinekeys/kvdefinekeys.sty
Package: kvdefinekeys 2019-12-19 v1.6 Define keys (HO)
) (/opt/homebrew/Cellar/texlive/20240312_2/share/texmf-dist/tex/generic/pdfescape/pdfescape.sty
Package: pdfescape 2019/12/09 v1.15 Implements pdfTeX's escape features (HO)
) (/opt/homebrew/Cellar/texlive/20240312_2/share/texmf-dist/tex/latex/hycolor/hycolor.sty
Package: hycolor 2020-01-27 v1.10 Color options for hyperref/bookmark (HO)
) (/opt/homebrew/Cellar/texlive/20240312_2/share/texmf-dist/tex/latex/auxhook/auxhook.sty
Package: auxhook 2019-12-17 v1.6 Hooks for auxiliary files (HO)
) (/opt/homebrew/Cellar/texlive/20240312_2/share/texmf-dist/tex/latex/hyperref/nameref.sty
Package: nameref 2023-11-26 v2.56 Cross-referencing by name of section
 (/opt/homebrew/Cellar/texlive/20240312_2/share/texmf-dist/tex/latex/refcount/refcount.sty
Package: refcount 2019/12/15 v3.6 Data extraction from label references (HO)
) (/opt/homebrew/Cellar/texlive/20240312_2/share/texmf-dist/tex/generic/gettitlestring/gettitlestring.sty
Package: gettitlestring 2019/12/15 v1.6 Cleanup title references (HO)
)
\c@section@level=\count424
)
\@linkdim=\dimen172
\Hy@linkcounter=\count425
\Hy@pagecounter=\count426
 (/opt/homebrew/Cellar/texlive/20240312_2/share/texmf-dist/tex/latex/hyperref/pd1enc.def
File: pd1enc.def 2024-01-20 v7.01h Hyperref: PDFDocEncoding definition (HO)
Now handling font encoding PD1 ...
... no UTF-8 mapping file for font encoding PD1
) (/opt/homebrew/Cellar/texlive/20240312_2/share/texmf-dist/tex/generic/intcalc/intcalc.sty
Package: intcalc 2019/12/15 v1.3 Expandable calculations with integers (HO)
)
\Hy@SavedSpaceFactor=\count427
 (/opt/homebrew/Cellar/texlive/20240312_2/share/texmf-dist/tex/latex/hyperref/puenc.def
File: puenc.def 2024-01-20 v7.01h Hyperref: PDF Unicode definition (HO)
Now handling font encoding PU ...
... no UTF-8 mapping file for font encoding PU
)
Package hyperref Info: Option `colorlinks' set `true' on input line 4062.
Package hyperref Info: Hyper figures OFF on input line 4179.
Package hyperref Info: Link nesting OFF on input line 4184.
Package hyperref Info: Hyper index ON on input line 4187.
Package hyperref Info: Plain pages OFF on input line 4194.
Package hyperref Info: Backreferencing OFF on input line 4199.
Package hyperref Info: Implicit mode ON; LaTeX internals redefined.
Package hyperref Info: Bookmarks ON on input line 4446.
\c@Hy@tempcnt=\count428
LaTeX Info: Redefining \url on input line 4784.
\XeTeXLinkMargin=\dimen173
 (/opt/homebrew/Cellar/texlive/20240312_2/share/texmf-dist/tex/generic/bitset/bitset.sty
Package: bitset 2019/12/09 v1.3 Handle bit-vector datatype (HO)
 (/opt/homebrew/Cellar/texlive/20240312_2/share/texmf-dist/tex/generic/bigintcalc/bigintcalc.sty
Package: bigintcalc 2019/12/15 v1.5 Expandable calculations on big integers (HO)
))
\Fld@menulength=\count429
\Field@Width=\dimen174
\Fld@charsize=\dimen175
Package hyperref Info: Hyper figures OFF on input line 6063.
Package hyperref Info: Link nesting OFF on input line 6068.
Package hyperref Info: Hyper index ON on input line 6071.
Package hyperref Info: backreferencing OFF on input line 6078.
Package hyperref Info: Link coloring ON on input line 6081.
Package hyperref Info: Link coloring with OCG OFF on input line 6088.
Package hyperref Info: PDF/A mode OFF on input line 6093.
 (/opt/homebrew/Cellar/texlive/20240312_2/share/texmf-dist/tex/latex/base/atbegshi-ltx.sty
Package: atbegshi-ltx 2021/01/10 v1.0c Emulation of the original atbegshi
package with kernel methods
)
\Hy@abspage=\count430
\c@Item=\count431
\c@Hfootnote=\count432
)
Package hyperref Info: Driver (autodetected): hpdftex.
 (/opt/homebrew/Cellar/texlive/20240312_2/share/texmf-dist/tex/latex/hyperref/hpdftex.def
File: hpdftex.def 2024-01-20 v7.01h Hyperref driver for pdfTeX
 (/opt/homebrew/Cellar/texlive/20240312_2/share/texmf-dist/tex/latex/base/atveryend-ltx.sty
Package: atveryend-ltx 2020/08/19 v1.0a Emulation of the original atveryend package
with kernel methods
)
\Fld@listcount=\count433
\c@bookmark@seq@number=\count434
 (/opt/homebrew/Cellar/texlive/20240312_2/share/texmf-dist/tex/latex/rerunfilecheck/rerunfilecheck.sty
Package: rerunfilecheck 2022-07-10 v1.10 Rerun checks for auxiliary files (HO)
 (/opt/homebrew/Cellar/texlive/20240312_2/share/texmf-dist/tex/generic/uniquecounter/uniquecounter.sty
Package: uniquecounter 2019/12/15 v1.4 Provide unlimited unique counter (HO)
)
Package uniquecounter Info: New unique counter `rerunfilecheck' on input line 285.
)
\Hy@SectionHShift=\skip78
) (/opt/homebrew/Cellar/texlive/20240312_2/share/texmf-dist/tex/latex/listings/lstlang1.sty
File: lstlang1.sty 2024/02/21 1.10 listings language file
) (/opt/homebrew/Cellar/texlive/20240312_2/share/texmf-dist/tex/latex/listings/lstlang2.sty
File: lstlang2.sty 2024/02/21 1.10 listings language file
) (/opt/homebrew/Cellar/texlive/20240312_2/share/texmf-dist/tex/latex/listings/lstlang3.sty
File: lstlang3.sty 2024/02/21 1.10 listings language file
)
\@quotelevel=\count435
\@quotereset=\count436
 (./Thesis.aux)
\openout1 = `Thesis.aux'.

LaTeX Font Info:    Checking defaults for OML/cmm/m/it on input line 60.
LaTeX Font Info:    ... okay on input line 60.
LaTeX Font Info:    Checking defaults for OMS/cmsy/m/n on input line 60.
LaTeX Font Info:    ... okay on input line 60.
LaTeX Font Info:    Checking defaults for OT1/cmr/m/n on input line 60.
LaTeX Font Info:    ... okay on input line 60.
LaTeX Font Info:    Checking defaults for T1/cmr/m/n on input line 60.
LaTeX Font Info:    ... okay on input line 60.
LaTeX Font Info:    Checking defaults for TS1/cmr/m/n on input line 60.
LaTeX Font Info:    ... okay on input line 60.
LaTeX Font Info:    Checking defaults for OMX/cmex/m/n on input line 60.
LaTeX Font Info:    ... okay on input line 60.
LaTeX Font Info:    Checking defaults for U/cmr/m/n on input line 60.
LaTeX Font Info:    ... okay on input line 60.
LaTeX Font Info:    Checking defaults for PD1/pdf/m/n on input line 60.
LaTeX Font Info:    ... okay on input line 60.
LaTeX Font Info:    Checking defaults for PU/pdf/m/n on input line 60.
LaTeX Font Info:    ... okay on input line 60.
 (/opt/homebrew/Cellar/texlive/20240312_2/share/texmf-dist/tex/context/base/mkii/supp-pdf.mkii
[Loading MPS to PDF converter (version 2006.09.02).]
\scratchcounter=\count437
\scratchdimen=\dimen176
\scratchbox=\box60
\nofMPsegments=\count438
\nofMParguments=\count439
\everyMPshowfont=\toks27
\MPscratchCnt=\count440
\MPscratchDim=\dimen177
\MPnumerator=\count441
\makeMPintoPDFobject=\count442
\everyMPtoPDFconversion=\toks28
) (/opt/homebrew/Cellar/texlive/20240312_2/share/texmf-dist/tex/latex/epstopdf-pkg/epstopdf-base.sty
Package: epstopdf-base 2020-01-24 v2.11 Base part for package epstopdf
Package epstopdf-base Info: Redefining graphics rule for `.eps' on input line 485.
 (/opt/homebrew/Cellar/texlive/20240312_2/share/texmf-dist/tex/latex/latexconfig/epstopdf-sys.cfg
File: epstopdf-sys.cfg 2010/07/13 v1.3 Configuration of (r)epstopdf for TeX Live
))
*geometry* driver: auto-detecting
*geometry* detected driver: pdftex
*geometry* verbose mode - [ preamble ] result:
* driver: pdftex
* paper: a4paper
* layout: <same size as paper>
* layoutoffset:(h,v)=(0.0pt,0.0pt)
* modes: 
* h-part:(L,W,R)=(72.26999pt, 452.9679pt, 72.26999pt)
* v-part:(T,H,B)=(72.26999pt, 700.50687pt, 72.26999pt)
* \paperwidth=597.50787pt
* \paperheight=845.04684pt
* \textwidth=452.9679pt
* \textheight=700.50687pt
* \oddsidemargin=0.0pt
* \evensidemargin=0.0pt
* \topmargin=-37.0pt
* \headheight=12.0pt
* \headsep=25.0pt
* \topskip=12.0pt
* \footskip=30.0pt
* \marginparwidth=35.0pt
* \marginparsep=10.0pt
* \columnsep=10.0pt
* \skip\footins=10.8pt plus 4.0pt minus 2.0pt
* \hoffset=0.0pt
* \voffset=0.0pt
* \mag=1000
* \@twocolumnfalse
* \@twosidefalse
* \@mparswitchfalse
* \@reversemarginfalse
* (1in=72.27pt=25.4mm, 1cm=28.453pt)

\c@lstlisting=\count443
Package biblatex Info: Trying to load language 'english' -> 'english-apa'...
Package biblatex Info: ... file 'english-apa.lbx' found.
(/opt/homebrew/Cellar/texlive/20240312_2/share/texmf-dist/tex/latex/biblatex-apa/english-apa.lbx
File: english-apa.lbx 2023/03/20 v9.17 APA biblatex localisation
Package biblatex Info: Trying to load language 'english'...
Package biblatex Info: ... file 'english.lbx' found.
 (/opt/homebrew/Cellar/texlive/20240312_2/share/texmf-dist/tex/latex/biblatex/lbx/english.lbx
File: english.lbx 2024/03/21 v3.20 biblatex localization (PK/MW)
)
Package biblatex Info: Trying to load language 'american' -> 'american-apa'...
Package biblatex Info: ... file 'american-apa.lbx' found.
 (/opt/homebrew/Cellar/texlive/20240312_2/share/texmf-dist/tex/latex/biblatex-apa/american-apa.lbx
File: american-apa.lbx 2023/03/20 v9.17 APA biblatex localisation
Package biblatex Info: Trying to load language 'american'...
Package biblatex Info: ... file 'american.lbx' found.
 (/opt/homebrew/Cellar/texlive/20240312_2/share/texmf-dist/tex/latex/biblatex/lbx/american.lbx
File: american.lbx 2024/03/21 v3.20 biblatex localization (PK/MW)
Package biblatex Info: Trying to load language 'english'...
Package biblatex Info: ... file 'english.lbx' found.
 (/opt/homebrew/Cellar/texlive/20240312_2/share/texmf-dist/tex/latex/biblatex/lbx/english.lbx
File: english.lbx 2024/03/21 v3.20 biblatex localization (PK/MW)
))))
Package biblatex Info: Input encoding 'utf8' detected.
Package biblatex Info: Automatic encoding selection.
(biblatex)             Assuming data encoding 'utf8'.
\openout3 = `Thesis.bcf'.

Package biblatex Info: Trying to load bibliographic data...
Package biblatex Info: ... file 'Thesis.bbl' found.
 (./Thesis.bbl)
Package biblatex Info: Reference section=0 on input line 60.
Package biblatex Info: Reference segment=0 on input line 60.
Package hyperref Info: Link coloring ON on input line 60.
 (./Thesis.out) (./Thesis.out)
\@outlinefile=\write4
\openout4 = `Thesis.out'.

LaTeX Font Info:    Trying to load font information for U+msa on input line 64.
 (/opt/homebrew/Cellar/texlive/20240312_2/share/texmf-dist/tex/latex/amsfonts/umsa.fd
File: umsa.fd 2013/01/14 v3.01 AMS symbols A
)
LaTeX Font Info:    Trying to load font information for U+msb on input line 64.
 (/opt/homebrew/Cellar/texlive/20240312_2/share/texmf-dist/tex/latex/amsfonts/umsb.fd
File: umsb.fd 2013/01/14 v3.01 AMS symbols B
) [1

{/opt/homebrew/Cellar/texlive/20240312_2/share/texmf-dist/fonts/map/pdftex/updmap/pdftex.map}] (./Thesis.toc)
\tf@toc=\write5
\openout5 = `Thesis.toc'.

 [2

] [3

{/opt/homebrew/Cellar/texlive/20240312_2/share/texmf-dist/fonts/enc/dvips/cm-super/cm-super-ts1.enc}] [4

] [5] [6

]
Overfull \hbox (6.78381pt too wide) in paragraph at lines 200--200
[][]\OT1/cmr/m/n/12 Ash, M. (2006). Fluid sim-u-la-tion for dum-mies. [][]$www . mikeash . com / pyblog / ^^Muid -[] simulation -[]
 []


Overfull \hbox (13.88457pt too wide) in paragraph at lines 200--200
[][]\OT1/cmr/m/n/12 Shiffman, D. (2019). \OT1/cmr/m/it/12 Cod-ing chal-lenge #132 fluid sim-u-la-tion\OT1/cmr/m/n/12 . [][]$www . youtu . be / alhpH6ECFvQ$[][] 
 []

[7

] (./Thesis.aux)
 ***********
LaTeX2e <2023-11-01> patch level 1
L3 programming layer <2024-02-20>
 ***********
Package rerunfilecheck Info: File `Thesis.out' has not changed.
(rerunfilecheck)             Checksum: AAE55B4AF77FFCB6267454E5142DD5FD;1172.
Package logreq Info: Writing requests to 'Thesis.run.xml'.
\openout1 = `Thesis.run.xml'.

 ) 
Here is how much of TeX's memory you used:
 20588 strings out of 474116
 355700 string characters out of 5732613
 1940187 words of memory out of 5000000
 42677 multiletter control sequences out of 15000+600000
 569044 words of font info for 79 fonts, out of 8000000 for 9000
 1141 hyphenation exceptions out of 8191
 79i,11n,93p,709b,5052s stack positions out of 10000i,1000n,20000p,200000b,200000s

pdfTeX warning (dest): name{http://graphics.cs.cmu.edu/nsp/course/15-464/Fall09/papers/StamFluidforGames.pdf} has been referenced but does not exist, replaced by a fixed one


pdfTeX warning (dest): name{https://mikeash.com/pyblog/fluid-simulation-for-dummies.html} has been referenced but does not exist, replaced by a fixed one


pdfTeX warning (dest): name{https://en.wikipedia.org/wiki/Navier\\%E2\\%80\\%93Stokes_equations} has been referenced but does not exist, replaced by a fixed one


pdfTeX warning (dest): name{http://www.hakenberg.de/diffgeo/collision_resolution.htm} has been referenced but does not exist, replaced by a fixed one

</opt/homebrew/Cellar/texlive/20240312_2/share/texmf-dist/fonts/type1/public/amsfonts/cm/cmbx10.pfb></opt/homebrew/Cellar/texlive/20240312_2/share/texmf-dist/fonts/type1/public/amsfonts/cm/cmbx12.pfb></opt/homebrew/Cellar/texlive/20240312_2/share/texmf-dist/fonts/type1/public/amsfonts/cm/cmmi12.pfb></opt/homebrew/Cellar/texlive/20240312_2/share/texmf-dist/fonts/type1/public/amsfonts/cm/cmmi6.pfb></opt/homebrew/Cellar/texlive/20240312_2/share/texmf-dist/fonts/type1/public/amsfonts/cm/cmmi8.pfb></opt/homebrew/Cellar/texlive/20240312_2/share/texmf-dist/fonts/type1/public/amsfonts/cm/cmr10.pfb></opt/homebrew/Cellar/texlive/20240312_2/share/texmf-dist/fonts/type1/public/amsfonts/cm/cmr12.pfb></opt/homebrew/Cellar/texlive/20240312_2/share/texmf-dist/fonts/type1/public/amsfonts/cm/cmr17.pfb></opt/homebrew/Cellar/texlive/20240312_2/share/texmf-dist/fonts/type1/public/amsfonts/cm/cmr6.pfb></opt/homebrew/Cellar/texlive/20240312_2/share/texmf-dist/fonts/type1/public/amsfonts/cm/cmr8.pfb></opt/homebrew/Cellar/texlive/20240312_2/share/texmf-dist/fonts/type1/public/amsfonts/cm/cmsy10.pfb></opt/homebrew/Cellar/texlive/20240312_2/share/texmf-dist/fonts/type1/public/amsfonts/cm/cmsy8.pfb></opt/homebrew/Cellar/texlive/20240312_2/share/texmf-dist/fonts/type1/public/amsfonts/cm/cmti12.pfb></opt/homebrew/Cellar/texlive/20240312_2/share/texmf-dist/fonts/type1/public/amsfonts/cm/cmtt12.pfb></opt/homebrew/Cellar/texlive/20240312_2/share/texmf-dist/fonts/type1/public/amsfonts/symbols/msbm10.pfb></opt/homebrew/Cellar/texlive/20240312_2/share/texmf-dist/fonts/type1/public/cm-super/sfrm1200.pfb>
Output written on Thesis.pdf (7 pages, 186453 bytes).
PDF statistics:
 212 PDF objects out of 1000 (max. 8388607)
 169 compressed objects within 2 object streams
 31 named destinations out of 1000 (max. 500000)
 73 words of extra memory for PDF output out of 10000 (max. 10000000)

